<?xml version="1.0" encoding="UTF-8"?>
<!-- Generated by org.testng.reporters.JUnitReportReporter -->
<testsuite hostname="CNENXUK7L2C" name="mobileTest.AppiumTest" tests="1" failures="0" timestamp="6 Jun 2016 05:33:13 GMT" time="58.161" errors="0">
  <testcase name="signIn" time="58.161" classname="mobileTest.AppiumTest"/>
</testsuite> <!-- mobileTest.AppiumTest -->
