<?xml version="1.0" encoding="UTF-8"?>
<!-- Generated by org.testng.reporters.JUnitReportReporter -->
<testsuite hostname="CNENXUK7L2C" name="mobileTest.test123" tests="1" failures="0" timestamp="21 Jan 2016 09:22:46 GMT" time="2.023" errors="0">
  <testcase name="test" time="2.023" classname="mobileTest.test123"/>
</testsuite> <!-- mobileTest.test123 -->
