<?xml version="1.0" encoding="UTF-8"?>
<!-- Generated by org.testng.reporters.JUnitReportReporter -->
<testsuite hostname="CNENXUK7L2C" name="mobileTest.VerifyVersion" tests="1" failures="0" timestamp="6 Jun 2016 05:33:13 GMT" time="9.510" errors="0">
  <testcase name="verifyVersion" time="9.510" classname="mobileTest.VerifyVersion"/>
</testsuite> <!-- mobileTest.VerifyVersion -->
